<?xml version="1.0" encoding="UTF-8"?>
<!-- Generated by org.testng.reporters.JUnitXMLReporter -->
<testsuite hostname="DESKTOP-CRT2G8C" name="Default test" tests="6" failures="0" timestamp="10 Oct 2019 03:06:21 GMT" time="59.576" errors="0">
  <testcase name="@BeforeMethod setup" time="0.0" classname="com.amazon.qa.testcases.LoginPageTest">
    <failure type="org.openqa.selenium.SessionNotCreatedException" message="session not created
from chrome not reachable
  (Session info: chrome=77.0.3865.90)
Build info: version: &amp;apos;4.0.0-alpha-2&amp;apos;, revision: &amp;apos;f148142cf8&amp;apos;, time: &amp;apos;2019-07-01T20:55:26&amp;apos;
System info: host: &amp;apos;DESKTOP-CRT2G8C&amp;apos;, ip: &amp;apos;192.168.0.112&amp;apos;, os.name: &amp;apos;Windows 10&amp;apos;, os.arch: &amp;apos;amd64&amp;apos;, os.version: &amp;apos;10.0&amp;apos;, java.version: &amp;apos;1.8.0_191&amp;apos;
Driver info: driver.version: ChromeDriver
remote stacktrace: Backtrace:
	Ordinal0 [0x01547C93+1473683]
	Ordinal0 [0x014CADB1+961969]
	Ordinal0 [0x0145418C+475532]
	Ordinal0 [0x0144DB1A+449306]
	Ordinal0 [0x0144E1B8+451000]
	Ordinal0 [0x0144F2C5+455365]
	Ordinal0 [0x0144B4C5+439493]
	Ordinal0 [0x01454F40+479040]
	Ordinal0 [0x014098FE+170238]
	Ordinal0 [0x01408D1D+167197]
	Ordinal0 [0x0140742B+160811]
	Ordinal0 [0x013F0AE6+68326]
	Ordinal0 [0x013F1BF0+72688]
	Ordinal0 [0x013F1B89+72585]
	Ordinal0 [0x014E4B77+1067895]
	GetHandleVerifier [0x015E6875+506677]
	GetHandleVerifier [0x015E6610+506064]
	GetHandleVerifier [0x015ED1B8+533624]
	GetHandleVerifier [0x015E704A+508682]
	Ordinal0 [0x014DC266+1032806]
	Ordinal0 [0x014DC0DF+1032415]
	Ordinal0 [0x014E6A8B+1075851]
	Ordinal0 [0x014E6BF3+1076211]
	Ordinal0 [0x014E5BA5+1072037]
	BaseThreadInitThunk [0x762E0419+25]
	RtlGetAppContainerNamedObjectPath [0x7795662D+237]
	RtlGetAppContainerNamedObjectPath [0x779565FD+189]
">
      <![CDATA[org.openqa.selenium.SessionNotCreatedException: session not created
from chrome not reachable
  (Session info: chrome=77.0.3865.90)
Build info: version: '4.0.0-alpha-2', revision: 'f148142cf8', time: '2019-07-01T20:55:26'
System info: host: 'DESKTOP-CRT2G8C', ip: '192.168.0.112', os.name: 'Windows 10', os.arch: 'amd64', os.version: '10.0', java.version: '1.8.0_191'
Driver info: driver.version: ChromeDriver
remote stacktrace: Backtrace:
	Ordinal0 [0x01547C93+1473683]
	Ordinal0 [0x014CADB1+961969]
	Ordinal0 [0x0145418C+475532]
	Ordinal0 [0x0144DB1A+449306]
	Ordinal0 [0x0144E1B8+451000]
	Ordinal0 [0x0144F2C5+455365]
	Ordinal0 [0x0144B4C5+439493]
	Ordinal0 [0x01454F40+479040]
	Ordinal0 [0x014098FE+170238]
	Ordinal0 [0x01408D1D+167197]
	Ordinal0 [0x0140742B+160811]
	Ordinal0 [0x013F0AE6+68326]
	Ordinal0 [0x013F1BF0+72688]
	Ordinal0 [0x013F1B89+72585]
	Ordinal0 [0x014E4B77+1067895]
	GetHandleVerifier [0x015E6875+506677]
	GetHandleVerifier [0x015E6610+506064]
	GetHandleVerifier [0x015ED1B8+533624]
	GetHandleVerifier [0x015E704A+508682]
	Ordinal0 [0x014DC266+1032806]
	Ordinal0 [0x014DC0DF+1032415]
	Ordinal0 [0x014E6A8B+1075851]
	Ordinal0 [0x014E6BF3+1076211]
	Ordinal0 [0x014E5BA5+1072037]
	BaseThreadInitThunk [0x762E0419+25]
	RtlGetAppContainerNamedObjectPath [0x7795662D+237]
	RtlGetAppContainerNamedObjectPath [0x779565FD+189]

	at sun.reflect.NativeConstructorAccessorImpl.newInstance0(Native Method)
	at sun.reflect.NativeConstructorAccessorImpl.newInstance(Unknown Source)
	at sun.reflect.DelegatingConstructorAccessorImpl.newInstance(Unknown Source)
	at java.lang.reflect.Constructor.newInstance(Unknown Source)
	at org.openqa.selenium.remote.W3CHandshakeResponse.lambda$errorHandler$0(W3CHandshakeResponse.java:62)
	at org.openqa.selenium.remote.HandshakeResponse.lambda$getResponseFunction$0(HandshakeResponse.java:30)
	at org.openqa.selenium.remote.ProtocolHandshake.lambda$createSession$1(ProtocolHandshake.java:127)
	at java.util.stream.ReferencePipeline$3$1.accept(Unknown Source)
	at java.util.Spliterators$ArraySpliterator.tryAdvance(Unknown Source)
	at java.util.stream.ReferencePipeline.forEachWithCancel(Unknown Source)
	at java.util.stream.AbstractPipeline.copyIntoWithCancel(Unknown Source)
	at java.util.stream.AbstractPipeline.copyInto(Unknown Source)
	at java.util.stream.AbstractPipeline.wrapAndCopyInto(Unknown Source)
	at java.util.stream.FindOps$FindOp.evaluateSequential(Unknown Source)
	at java.util.stream.AbstractPipeline.evaluate(Unknown Source)
	at java.util.stream.ReferencePipeline.findFirst(Unknown Source)
	at org.openqa.selenium.remote.ProtocolHandshake.createSession(ProtocolHandshake.java:129)
	at org.openqa.selenium.remote.ProtocolHandshake.createSession(ProtocolHandshake.java:75)
	at org.openqa.selenium.remote.HttpCommandExecutor.execute(HttpCommandExecutor.java:139)
	at org.openqa.selenium.remote.service.DriverCommandExecutor.execute(DriverCommandExecutor.java:83)
	at org.openqa.selenium.remote.RemoteWebDriver.execute(RemoteWebDriver.java:576)
	at org.openqa.selenium.remote.RemoteWebDriver.startSession(RemoteWebDriver.java:210)
	at org.openqa.selenium.remote.RemoteWebDriver.<init>(RemoteWebDriver.java:130)
	at org.openqa.selenium.chromium.ChromiumDriver.<init>(ChromiumDriver.java:73)
	at org.openqa.selenium.chrome.ChromeDriver.<init>(ChromeDriver.java:163)
	at org.openqa.selenium.chrome.ChromeDriver.<init>(ChromeDriver.java:150)
	at org.openqa.selenium.chrome.ChromeDriver.<init>(ChromeDriver.java:105)
	at com.amzon.qa.base.TestBase.initialization(TestBase.java:45)
	at com.amazon.qa.testcases.LoginPageTest.setup(LoginPageTest.java:38)
	at sun.reflect.NativeMethodAccessorImpl.invoke0(Native Method)
	at sun.reflect.NativeMethodAccessorImpl.invoke(Unknown Source)
	at sun.reflect.DelegatingMethodAccessorImpl.invoke(Unknown Source)
	at java.lang.reflect.Method.invoke(Unknown Source)
	at org.testng.internal.MethodInvocationHelper.invokeMethod(MethodInvocationHelper.java:86)
	at org.testng.internal.Invoker.invokeConfigurationMethod(Invoker.java:514)
	at org.testng.internal.Invoker.invokeConfigurations(Invoker.java:215)
	at org.testng.internal.Invoker.invokeMethod(Invoker.java:589)
	at org.testng.internal.Invoker.retryFailed(Invoker.java:969)
	at org.testng.internal.Invoker.invokeTestMethods(Invoker.java:1148)
	at org.testng.internal.TestMethodWorker.invokeTestMethods(TestMethodWorker.java:129)
	at org.testng.internal.TestMethodWorker.run(TestMethodWorker.java:112)
	at org.testng.TestRunner.privateRun(TestRunner.java:782)
	at org.testng.TestRunner.run(TestRunner.java:632)
	at org.testng.SuiteRunner.runTest(SuiteRunner.java:366)
	at org.testng.SuiteRunner.runSequentially(SuiteRunner.java:361)
	at org.testng.SuiteRunner.privateRun(SuiteRunner.java:319)
	at org.testng.SuiteRunner.run(SuiteRunner.java:268)
	at org.testng.SuiteRunnerWorker.runSuite(SuiteRunnerWorker.java:52)
	at org.testng.SuiteRunnerWorker.run(SuiteRunnerWorker.java:86)
	at org.testng.TestNG.runSuitesSequentially(TestNG.java:1244)
	at org.testng.TestNG.runSuitesLocally(TestNG.java:1169)
	at org.testng.TestNG.run(TestNG.java:1064)
	at org.testng.remote.RemoteTestNG.run(RemoteTestNG.java:113)
	at org.testng.remote.RemoteTestNG.initAndRun(RemoteTestNG.java:206)
	at org.testng.remote.RemoteTestNG.main(RemoteTestNG.java:177)
]]>
    </failure>
  </testcase> <!-- @BeforeMethod setup -->
  <testcase name="@AfterMethod close" time="0.0" classname="com.amazon.qa.testcases.LoginPageTest">
    <skipped/>
  </testcase> <!-- @AfterMethod close -->
  <testcase name="titletest" time="0.098" classname="com.amazon.qa.testcases.LoginPageTest">
    <skipped/>
  </testcase> <!-- titletest -->
  <testcase name="titletest" time="0.12" classname="com.amazon.qa.testcases.LoginPageTest">
    <skipped/>
  </testcase> <!-- titletest -->
  <testcase name="titletest" time="0.071" classname="com.amazon.qa.testcases.LoginPageTest">
    <skipped/>
  </testcase> <!-- titletest -->
  <testcase name="titletest" time="0.099" classname="com.amazon.qa.testcases.LoginPageTest">
    <skipped/>
  </testcase> <!-- titletest -->
  <testcase name="titletest" time="0.113" classname="com.amazon.qa.testcases.LoginPageTest">
    <skipped/>
  </testcase> <!-- titletest -->
  <testcase name="titletest" time="0.001" classname="com.amazon.qa.testcases.LoginPageTest">
    <skipped/>
  </testcase> <!-- titletest -->
</testsuite> <!-- Default test -->
