<!DOCTYPE html PUBLIC "-//W3C//DTD XHTML 1.1//EN" "http://www.w3.org/TR/xhtml11/DTD/xhtml11.dtd">
<html xmlns="http://www.w3.org/1999/xhtml"><head><title>TestNG Report</title><style type="text/css">table {margin-bottom:10px;border-collapse:collapse;empty-cells:show}th,td {border:1px solid #009;padding:.25em .5em}th {vertical-align:bottom}td {vertical-align:top}table a {font-weight:bold}.stripe td {background-color: #E6EBF9}.num {text-align:right}.passedodd td {background-color: #3F3}.passedeven td {background-color: #0A0}.skippedodd td {background-color: #DDD}.skippedeven td {background-color: #CCC}.failedodd td,.attn {background-color: #F33}.failedeven td,.stripe .attn {background-color: #D00}.stacktrace {white-space:pre;font-family:monospace}.totop {font-size:85%;text-align:center;border-bottom:2px solid #000}</style></head><body><table><tr><th>Test</th><th># Passed</th><th># Skipped</th><th># Failed</th><th>Time (ms)</th><th>Included Groups</th><th>Excluded Groups</th></tr><tr><th colspan="7">AmazonTest</th></tr><tr><td><a href="#t0">Test</a></td><td class="num">8</td><td class="num attn">1</td><td class="num attn">3</td><td class="num">473,783</td><td></td><td></td></tr></table><table><thead><tr><th>Class</th><th>Method</th><th>Start</th><th>Time (ms)</th></tr></thead><tbody><tr><th colspan="4">AmazonTest</th></tr></tbody><tbody id="t0"><tr><th colspan="4">Test &#8212; failed (configuration methods)</th></tr><tr class="failedeven"><td rowspan="1">com.amazon.qa.testcases.School_BookTest</td><td><a href="#m0">setup</a></td><td rowspan="1">1570362534348</td><td rowspan="1">0</td></tr><tr><th colspan="4">Test &#8212; failed</th></tr><tr class="failedeven"><td rowspan="1">com.amazon.qa.testcases.CustomerCarePageTest</td><td><a href="#m1">verifytexton_CustomercarePage</a></td><td rowspan="1">1570362461592</td><td rowspan="1">41642</td></tr><tr class="failedodd"><td rowspan="1">com.amazon.qa.testcases.LoginPageTest</td><td><a href="#m2">titletest</a></td><td rowspan="1">1570362136852</td><td rowspan="1">74</td></tr><tr class="failedeven"><td rowspan="1">com.amazon.qa.testcases.SignupPageTest</td><td><a href="#m3">fillform</a></td><td rowspan="1">1570362304612</td><td rowspan="1">9146</td></tr><tr><th colspan="4">Test &#8212; skipped (configuration methods)</th></tr><tr class="skippedeven"><td rowspan="1">com.amazon.qa.testcases.School_BookTest</td><td><a href="#m4">teardown</a></td><td rowspan="1">1570362592638</td><td rowspan="1">0</td></tr><tr><th colspan="4">Test &#8212; skipped</th></tr><tr class="skippedeven"><td rowspan="1">com.amazon.qa.testcases.School_BookTest</td><td><a href="#m5">NavigationTOSocailScienceBook_Page</a></td><td rowspan="1">1570362592629</td><td rowspan="1">0</td></tr><tr><th colspan="4">Test &#8212; passed</th></tr><tr class="passedeven"><td rowspan="3">com.amazon.qa.testcases.HomePageTest</td><td><a href="#m6">Navigatetobook</a></td><td rowspan="1">1570362235750</td><td rowspan="1">10168</td></tr><tr class="passedeven"><td><a href="#m7">click_on_CC</a></td><td rowspan="1">1570362292522</td><td rowspan="1">2309</td></tr><tr class="passedeven"><td><a href="#m8">verifyusername</a></td><td rowspan="1">1570362213365</td><td rowspan="1">167</td></tr><tr class="passedodd"><td rowspan="1">com.amazon.qa.testcases.LoginPageTest</td><td><a href="#m9">loginIntoPage</a></td><td rowspan="1">1570362156961</td><td rowspan="1">24987</td></tr><tr class="passedeven"><td rowspan="1">com.amazon.qa.testcases.School_BookTest</td><td><a href="#m10">verificationOfBookTitlePage</a></td><td rowspan="1">1570362532888</td><td rowspan="1">681</td></tr><tr class="passedodd"><td rowspan="3">com.amazon.qa.testcases.SocialStudiesBookTest</td><td><a href="#m11">ClickOnTheFirstSocailBook</a></td><td rowspan="1">1570362381320</td><td rowspan="1">649</td></tr><tr class="passedodd"><td><a href="#m12">NameofBook</a></td><td rowspan="1">1570362427488</td><td rowspan="1">83</td></tr><tr class="passedodd"><td><a href="#m13">verificationOfSocialBookTitlePage</a></td><td rowspan="1">1570362343240</td><td rowspan="1">659</td></tr></tbody></table><h2>Test</h2><h3 id="m0">com.amazon.qa.testcases.School_BookTest#setup</h3><table class="result"><tr><th>Exception</th></tr><tr><td><div class="stacktrace">org.openqa.selenium.NoSuchElementException: no such element: Unable to locate element: {&quot;method&quot;:&quot;xpath&quot;,&quot;selector&quot;:&quot;//input[@type=&apos;email&apos;]&quot;}
  (Session info: chrome=77.0.3865.90)
For documentation on this error, please visit: https://www.seleniumhq.org/exceptions/no_such_element.html
Build info: version: &apos;4.0.0-alpha-2&apos;, revision: &apos;f148142cf8&apos;, time: &apos;2019-07-01T20:55:26&apos;
System info: host: &apos;DESKTOP-CRT2G8C&apos;, ip: &apos;192.168.0.112&apos;, os.name: &apos;Windows 10&apos;, os.arch: &apos;amd64&apos;, os.version: &apos;10.0&apos;, java.version: &apos;1.8.0_191&apos;
Driver info: org.openqa.selenium.chrome.ChromeDriver
Capabilities {acceptInsecureCerts: false, browserName: chrome, browserVersion: 77.0.3865.90, chrome: {chromedriverVersion: 76.0.3809.68 (420c9498db8ce..., userDataDir: C:\Users\ADMIN\AppData\Loca...}, goog:chromeOptions: {debuggerAddress: localhost:51388}, javascriptEnabled: true, networkConnectionEnabled: false, pageLoadStrategy: normal, platform: XP, platformName: XP, proxy: Proxy(), setWindowRect: true, strictFileInteractability: false, timeouts: {implicit: 0, pageLoad: 300000, script: 30000}, unhandledPromptBehavior: dismiss and notify}
Session ID: 02e287adfd6cd7fc44c77cdeee0b11e1
*** Element info: {Using=xpath, value=//input[@type=&apos;email&apos;]}
	at org.openqa.selenium.remote.codec.w3c.W3CHttpResponseCodec.createException(W3CHttpResponseCodec.java:191)
	at org.openqa.selenium.remote.codec.w3c.W3CHttpResponseCodec.decode(W3CHttpResponseCodec.java:125)
	at org.openqa.selenium.remote.codec.w3c.W3CHttpResponseCodec.decode(W3CHttpResponseCodec.java:52)
	at org.openqa.selenium.remote.HttpCommandExecutor.execute(HttpCommandExecutor.java:161)
	at org.openqa.selenium.remote.service.DriverCommandExecutor.execute(DriverCommandExecutor.java:83)
	at org.openqa.selenium.remote.RemoteWebDriver.execute(RemoteWebDriver.java:576)
	at org.openqa.selenium.remote.RemoteWebDriver.findElement(RemoteWebDriver.java:327)
	at org.openqa.selenium.remote.RemoteWebDriver.findElementByXPath(RemoteWebDriver.java:445)
	at org.openqa.selenium.By$ByXPath.findElement(By.java:353)
	at org.openqa.selenium.remote.RemoteWebDriver.findElement(RemoteWebDriver.java:319)
	at org.openqa.selenium.support.events.EventFiringWebDriver.lambda$new$1(EventFiringWebDriver.java:106)
	at com.sun.proxy.$Proxy6.findElement(Unknown Source)
	at org.openqa.selenium.support.events.EventFiringWebDriver.findElement(EventFiringWebDriver.java:195)
	at org.openqa.selenium.support.pagefactory.DefaultElementLocator.findElement(DefaultElementLocator.java:70)
	at org.openqa.selenium.support.pagefactory.internal.LocatingElementHandler.invoke(LocatingElementHandler.java:39)
	at com.sun.proxy.$Proxy10.sendKeys(Unknown Source)
	at com.amzon.qa.pages.LoginPage.login(LoginPage.java:55)
	at com.amazon.qa.testcases.School_BookTest.setup(School_BookTest.java:40)
... Removed 33 stack frames</div></td></tr></table><p class="totop"><a href="#summary">back to summary</a></p><h3 id="m1">com.amazon.qa.testcases.CustomerCarePageTest#verifytexton_CustomercarePage</h3><table class="result"><tr><th>Exception</th></tr><tr><td><div class="stacktrace">org.openqa.selenium.NoSuchElementException: no such element: Unable to locate element: {&quot;method&quot;:&quot;xpath&quot;,&quot;selector&quot;:&quot;/html/body/div[2]/div[1]/h1&quot;}
  (Session info: chrome=77.0.3865.90)
For documentation on this error, please visit: https://www.seleniumhq.org/exceptions/no_such_element.html
Build info: version: &apos;4.0.0-alpha-2&apos;, revision: &apos;f148142cf8&apos;, time: &apos;2019-07-01T20:55:26&apos;
System info: host: &apos;DESKTOP-CRT2G8C&apos;, ip: &apos;192.168.0.112&apos;, os.name: &apos;Windows 10&apos;, os.arch: &apos;amd64&apos;, os.version: &apos;10.0&apos;, java.version: &apos;1.8.0_191&apos;
Driver info: org.openqa.selenium.chrome.ChromeDriver
Capabilities {acceptInsecureCerts: false, browserName: chrome, browserVersion: 77.0.3865.90, chrome: {chromedriverVersion: 76.0.3809.68 (420c9498db8ce..., userDataDir: C:\Users\ADMIN\AppData\Loca...}, goog:chromeOptions: {debuggerAddress: localhost:50953}, javascriptEnabled: true, networkConnectionEnabled: false, pageLoadStrategy: normal, platform: XP, platformName: XP, proxy: Proxy(), setWindowRect: true, strictFileInteractability: false, timeouts: {implicit: 0, pageLoad: 300000, script: 30000}, unhandledPromptBehavior: dismiss and notify}
Session ID: b325ae4207489ad7b75a538b258a1aec
*** Element info: {Using=xpath, value=/html/body/div[2]/div[1]/h1}
	at org.openqa.selenium.remote.codec.w3c.W3CHttpResponseCodec.createException(W3CHttpResponseCodec.java:191)
	at org.openqa.selenium.remote.codec.w3c.W3CHttpResponseCodec.decode(W3CHttpResponseCodec.java:125)
	at org.openqa.selenium.remote.codec.w3c.W3CHttpResponseCodec.decode(W3CHttpResponseCodec.java:52)
	at org.openqa.selenium.remote.HttpCommandExecutor.execute(HttpCommandExecutor.java:161)
	at org.openqa.selenium.remote.service.DriverCommandExecutor.execute(DriverCommandExecutor.java:83)
	at org.openqa.selenium.remote.RemoteWebDriver.execute(RemoteWebDriver.java:576)
	at org.openqa.selenium.remote.RemoteWebDriver.findElement(RemoteWebDriver.java:327)
	at org.openqa.selenium.remote.RemoteWebDriver.findElementByXPath(RemoteWebDriver.java:445)
	at org.openqa.selenium.By$ByXPath.findElement(By.java:353)
	at org.openqa.selenium.remote.RemoteWebDriver.findElement(RemoteWebDriver.java:319)
	at org.openqa.selenium.support.events.EventFiringWebDriver.lambda$new$1(EventFiringWebDriver.java:106)
	at com.sun.proxy.$Proxy6.findElement(Unknown Source)
	at org.openqa.selenium.support.events.EventFiringWebDriver.findElement(EventFiringWebDriver.java:195)
	at org.openqa.selenium.support.pagefactory.DefaultElementLocator.findElement(DefaultElementLocator.java:70)
	at org.openqa.selenium.support.pagefactory.internal.LocatingElementHandler.invoke(LocatingElementHandler.java:39)
	at com.sun.proxy.$Proxy10.getText(Unknown Source)
	at com.amzon.qa.pages.CustomercarePAge.nametext_verify(CustomercarePAge.java:30)
	at com.amazon.qa.testcases.CustomerCarePageTest.verifytexton_CustomercarePage(CustomerCarePageTest.java:39)
... Removed 31 stack frames</div></td></tr></table><p class="totop"><a href="#summary">back to summary</a></p><h3 id="m2">com.amazon.qa.testcases.LoginPageTest#titletest</h3><table class="result"><tr><th>Exception</th></tr><tr><td><div class="stacktrace">junit.framework.AssertionFailedError: Title does not match expected:&lt;true&gt; but was:&lt;false&gt;
	at junit.framework.Assert.fail(Assert.java:47)
	at junit.framework.Assert.failNotEquals(Assert.java:282)
	at junit.framework.Assert.assertEquals(Assert.java:64)
	at junit.framework.Assert.assertEquals(Assert.java:149)
	at com.amazon.qa.testcases.LoginPageTest.titletest(LoginPageTest.java:50)
... Removed 24 stack frames</div></td></tr></table><p class="totop"><a href="#summary">back to summary</a></p><h3 id="m3">com.amazon.qa.testcases.SignupPageTest#fillform</h3><table class="result"><tr><th>Exception</th></tr><tr><td><div class="stacktrace">java.lang.IllegalArgumentException: Keys to send should be a not null CharSequence
	at org.openqa.selenium.remote.RemoteWebElement.sendKeys(RemoteWebElement.java:98)
	at org.openqa.selenium.support.events.EventFiringWebDriver$EventFiringWebElement.lambda$new$0(EventFiringWebDriver.java:405)
	at com.sun.proxy.$Proxy11.sendKeys(Unknown Source)
	at org.openqa.selenium.support.events.EventFiringWebDriver$EventFiringWebElement.sendKeys(EventFiringWebDriver.java:430)
	at org.openqa.selenium.support.pagefactory.internal.LocatingElementHandler.invoke(LocatingElementHandler.java:52)
	at com.sun.proxy.$Proxy10.sendKeys(Unknown Source)
	at com.amzon.qa.pages.SignupPage.form(SignupPage.java:49)
	at com.amazon.qa.testcases.SignupPageTest.fillform(SignupPageTest.java:43)
... Removed 30 stack frames</div></td></tr></table><p class="totop"><a href="#summary">back to summary</a></p><h3 id="m4">com.amazon.qa.testcases.School_BookTest#teardown</h3><table class="result"></table><p class="totop"><a href="#summary">back to summary</a></p><h3 id="m5">com.amazon.qa.testcases.School_BookTest#NavigationTOSocailScienceBook_Page</h3><table class="result"></table><p class="totop"><a href="#summary">back to summary</a></p><h3 id="m6">com.amazon.qa.testcases.HomePageTest#Navigatetobook</h3><table class="result"></table><p class="totop"><a href="#summary">back to summary</a></p><h3 id="m7">com.amazon.qa.testcases.HomePageTest#click_on_CC</h3><table class="result"></table><p class="totop"><a href="#summary">back to summary</a></p><h3 id="m8">com.amazon.qa.testcases.HomePageTest#verifyusername</h3><table class="result"></table><p class="totop"><a href="#summary">back to summary</a></p><h3 id="m9">com.amazon.qa.testcases.LoginPageTest#loginIntoPage</h3><table class="result"></table><p class="totop"><a href="#summary">back to summary</a></p><h3 id="m10">com.amazon.qa.testcases.School_BookTest#verificationOfBookTitlePage</h3><table class="result"></table><p class="totop"><a href="#summary">back to summary</a></p><h3 id="m11">com.amazon.qa.testcases.SocialStudiesBookTest#ClickOnTheFirstSocailBook</h3><table class="result"></table><p class="totop"><a href="#summary">back to summary</a></p><h3 id="m12">com.amazon.qa.testcases.SocialStudiesBookTest#NameofBook</h3><table class="result"></table><p class="totop"><a href="#summary">back to summary</a></p><h3 id="m13">com.amazon.qa.testcases.SocialStudiesBookTest#verificationOfSocialBookTitlePage</h3><table class="result"></table><p class="totop"><a href="#summary">back to summary</a></p></body></html>